0 info it worked if it ends with ok
1 verbose cli [ '/Users/h/.nvm/versions/node/v4.0.0/bin/node',
1 verbose cli   '/Users/h/.nvm/versions/node/v4.0.0/bin/npm',
1 verbose cli   'publish' ]
2 info using npm@2.14.2
3 info using node@v4.0.0
4 verbose publish [ '.' ]
5 silly cache add args [ '.', null ]
6 verbose cache add spec .
7 silly cache add parsed spec Result {
7 silly cache add   raw: '.',
7 silly cache add   scope: null,
7 silly cache add   name: null,
7 silly cache add   rawSpec: '.',
7 silly cache add   spec: '/Users/h/git/lamashtu/1broker-client',
7 silly cache add   type: 'directory' }
8 verbose addLocalDirectory /Users/h/.npm/1broker-client/1.0.7/package.tgz not in flight; packing
9 verbose tar pack [ '/Users/h/.npm/1broker-client/1.0.7/package.tgz',
9 verbose tar pack   '/Users/h/git/lamashtu/1broker-client' ]
10 verbose tarball /Users/h/.npm/1broker-client/1.0.7/package.tgz
11 verbose folder /Users/h/git/lamashtu/1broker-client
12 info prepublish 1broker-client@1.0.7
13 verbose unsafe-perm in lifecycle true
14 verbose addLocalTarball adding from inside cache /Users/h/.npm/1broker-client/1.0.7/package.tgz
15 silly cache afterAdd 1broker-client@1.0.7
16 verbose afterAdd /Users/h/.npm/1broker-client/1.0.7/package/package.json not in flight; writing
17 verbose afterAdd /Users/h/.npm/1broker-client/1.0.7/package/package.json written
18 silly publish { author: { name: 'flyingunicorn222', url: 'github.com/flyingunicorn222' },
18 silly publish   name: '1broker-client',
18 silly publish   description: 'node.js wrapper for 1broker.com api, providing extra features',
18 silly publish   version: '1.0.7',
18 silly publish   repository:
18 silly publish    { type: 'git',
18 silly publish      url: 'git+https://github.com/flyingunicorn222/1broker-client.git' },
18 silly publish   main: 'lib/client.js',
18 silly publish   scripts: { prepublish: 'make build' },
18 silly publish   engines: { node: '>= 0.8.0' },
18 silly publish   dependencies: { lodash: '^4.16.4', request: '^2.75.0' },
18 silly publish   devDependencies: { 'coffee-script': '^1.10.0', docco: '^0.7.0', nodemon: '*' },
18 silly publish   keywords:
18 silly publish    [ 'api',
18 silly publish      'trading',
18 silly publish      '1broker',
18 silly publish      '1broker.com',
18 silly publish      'FX',
18 silly publish      'Forex',
18 silly publish      'bitcoin',
18 silly publish      'btc',
18 silly publish      'CFD',
18 silly publish      'Commodities',
18 silly publish      'Gold',
18 silly publish      'Silver',
18 silly publish      'Indices',
18 silly publish      'Stocks',
18 silly publish      'Commodities',
18 silly publish      'Crypto' ],
18 silly publish   readme: 'A node.js wrapper for [1broker](https://1broker.com/m/r.php?i=11468) api client.\n\nImplements all API methods, also implements % Stop Loss and Take Profit when\ncreating Market or Limit orders.\n\ninstalling\n====\n\n````npm install --save 1broker-client````\n\nUnfortunately new versions might break backwards\ncompatibility so please make sure you specify a version on your package.json\nfile.\n\nbasics\n====\n\nAll functions take "callback" as last parameter:\n\n````javascript\nOneBroker = require( "1broker-client" )\n\nclient = OneBroker( "YOU_API_KEY" )\n\nclient.account.overview( function( error, overview ) {\n  if( error ) return console.error( error );\n\n  console.log( overview );\n} );\n````\n\nFunctions which need parameters will take them as object, for instance:\n\n````javascript\n\nclient.market.quotes({\n  symbols: "BTCUSD,GOLD"\n}, function( error, quotes ) {\n  console.log( quotes );\n});\n\n````\n\nAll methods from the API have been implemented\n\n````javascript\nclient.account.bitcoin_deposit_address( callback )\nclient.account.info( callback )\nclient.account.overview( callback )\n\nclient.market.detail( params, callback )\nclient.market.get_bars( params, callback )\nclient.market.list( callback )\nclient.market.quotes( params, callback )\n\nclient.order.cancel( params, callback )\nclient.order.create( params, callback )\nclient.order.list_open( params, callback )\n\nclient.position.edit( params, callback )\nclient.position.list_history( params, callback )\nclient.position.list_open( params, callback )\n````\n\nFor full [API documentation](https://1broker.com/?c=api_documentation) please refer to the [Official API](https://1broker.com/?c=api_documentation)\n\nexamples\n====\n\nSimple examples are provided on the [/examples](https://github.com/flyingunicorn222/1broker-client/tree/v1/examples) folder, including\nthe % Stop Loss and Take Profit syntax.\n\nBefore running the examples you will need:\n\n - [1broker Account](https://1broker.com/m/r.php?i=11468)\n\n - Api Token ( Create one in [Settings](https://1broker.com/?u1=account_settings) )\n\n - [Coffee-Script](http://coffeescript.org/) ````npm install coffee-script --global```\n\n - Download the example files\n\n````bash\n$ git clone https://github.com/flyingunicorn222/1broker-client.git\n$ cd 1broker-client/\n$ npm install\n$ cd examples\n```\n\n - Edit [_key file](https://github.com/flyingunicorn222/1broker-client/blob/v1/examples/_key.coffee) and add your key between the quotes\n\n```bash\n# examples/_key.coffee\nmodule.exports =\'YOUR_TOKEN_GOES_HERE\'\n```\n\nNow you can run examples, for instance:\n```bash\n$coffee long_eurusd.coffee\n```\nor\n````bash\n$coffee short_btcusd.coffee\n```\nExamples source code is pretty simple, please [go ahead](https://github.com/flyingunicorn222/1broker-client/blob/v1/examples/) an explore!\n\n===\n\nI\'m also developing more extra functions, called ["helpers"](https://github.com/flyingunicorn222/1broker-client/tree/v1/src/helpers) which will\nhopefully simplify the implementation of mechanical tasks.\n\ntodo\n====\n\n- [x] Simple implementation\n- [x] Examples\n- [ ] Extra methods ( long, short, close, reverse, [...] )\n- [ ] Documentation\n- [ ] Tests\n- [ ] Parameters validation\n- [ ] Please [create an issue](https://github.com/flyingunicorn222/1broker-client/issues/new) if you need something else\n\ncontributing\n====\nThe source code is also pretty simple and self explainatory so feel free\nto edit and submit a pull request.\n\nIn case you find an issue, have a request or recommendation feel free to [open\nan issue](https://github.com/flyingunicorn222/1broker-client/issues/new), it will be highly appreciated.\n\nYou can also [donate to support this library and more freebies!](https://blockchain.info/address/1767DuD8teMeeTV2DtPviqMYE1G13169x3)\n\nFeel free to send me a message on reddit, I\'m [flyingunicorn222](https://www.reddit.com/user/flyingunicorn222)\n\nThank You!\n\ndisclaimer\n====\n - By default when creating an order this library will use my referral_id,\nwhich means I\'ll receive a small amount of BTC from [1broker](https://1broker.com/m/r.php?i=11468)\nwhen you create an order using this library! It would be great if you could keep it this way!\n\n - [1broker](https://1broker.com/m/r.php?i=11468) links on this documentation\nalso constains my referral link\n',
18 silly publish   readmeFilename: 'README.md',
18 silly publish   gitHead: 'ad89fcb50218cd1f164f437811018dda40de40dd',
18 silly publish   bugs: { url: 'https://github.com/flyingunicorn222/1broker-client/issues' },
18 silly publish   homepage: 'https://github.com/flyingunicorn222/1broker-client#readme',
18 silly publish   _id: '1broker-client@1.0.7',
18 silly publish   _shasum: '9cca12e76fbb75d96e8cb29a8bccce34d73fb3d4',
18 silly publish   _from: '.' }
19 verbose getPublishConfig undefined
20 silly mapToRegistry name 1broker-client
21 silly mapToRegistry using default registry
22 silly mapToRegistry registry https://registry.npmjs.org/
23 silly mapToRegistry uri https://registry.npmjs.org/1broker-client
24 verbose publish registryBase https://registry.npmjs.org/
25 silly publish uploading /Users/h/.npm/1broker-client/1.0.7/package.tgz
26 verbose request uri https://registry.npmjs.org/1broker-client
27 verbose request sending authorization for write operation
28 info attempt registry request try #1 at 11:14:03 PM
29 verbose request using bearer token for auth
30 verbose request id 58aa6219bd8b8513
31 http request PUT https://registry.npmjs.org/1broker-client
32 http 403 https://registry.npmjs.org/1broker-client
33 verbose headers { 'content-type': 'application/json',
33 verbose headers   'cache-control': 'max-age=300',
33 verbose headers   'content-length': '95',
33 verbose headers   'accept-ranges': 'bytes',
33 verbose headers   date: 'Sun, 16 Oct 2016 22:14:04 GMT',
33 verbose headers   via: '1.1 varnish',
33 verbose headers   connection: 'keep-alive',
33 verbose headers   'x-served-by': 'cache-lcy1121-LCY',
33 verbose headers   'x-cache': 'MISS',
33 verbose headers   'x-cache-hits': '0',
33 verbose headers   'x-timer': 'S1476656043.311663,VS0,VE959',
33 verbose headers   vary: 'Accept-Encoding' }
34 verbose request invalidating /Users/h/.npm/registry.npmjs.org/1broker-client on PUT
35 error publish Failed PUT 403
36 verbose stack Error: "You cannot publish over the previously published version 1.0.7." : 1broker-client
36 verbose stack     at makeError (/Users/h/.nvm/versions/node/v4.0.0/lib/node_modules/npm/node_modules/npm-registry-client/lib/request.js:263:12)
36 verbose stack     at CachingRegistryClient.<anonymous> (/Users/h/.nvm/versions/node/v4.0.0/lib/node_modules/npm/node_modules/npm-registry-client/lib/request.js:251:14)
36 verbose stack     at Request._callback (/Users/h/.nvm/versions/node/v4.0.0/lib/node_modules/npm/node_modules/npm-registry-client/lib/request.js:171:14)
36 verbose stack     at Request.self.callback (/Users/h/.nvm/versions/node/v4.0.0/lib/node_modules/npm/node_modules/request/request.js:198:22)
36 verbose stack     at emitTwo (events.js:87:13)
36 verbose stack     at Request.emit (events.js:172:7)
36 verbose stack     at Request.<anonymous> (/Users/h/.nvm/versions/node/v4.0.0/lib/node_modules/npm/node_modules/request/request.js:1073:14)
36 verbose stack     at emitOne (events.js:82:20)
36 verbose stack     at Request.emit (events.js:169:7)
36 verbose stack     at IncomingMessage.<anonymous> (/Users/h/.nvm/versions/node/v4.0.0/lib/node_modules/npm/node_modules/request/request.js:1019:12)
37 verbose statusCode 403
38 verbose pkgid 1broker-client
39 verbose cwd /Users/h/git/lamashtu/1broker-client
40 error Darwin 15.0.0
41 error argv "/Users/h/.nvm/versions/node/v4.0.0/bin/node" "/Users/h/.nvm/versions/node/v4.0.0/bin/npm" "publish"
42 error node v4.0.0
43 error npm  v2.14.2
44 error code E403
45 error "You cannot publish over the previously published version 1.0.7." : 1broker-client
46 error If you need help, you may report this error at:
46 error     <https://github.com/npm/npm/issues>
47 verbose exit [ 1, true ]
